2017 Jul-27 05:54:00761236 [INFO] Constellation initializing using config file tm5.conf
2017 Jul-27 05:54:00766739 [INFO] Log level is LevelWarn
2017 Jul-27 09:31:00970178 [INFO] Constellation initializing using config file tm5.conf
2017 Jul-27 09:31:00974423 [INFO] Log level is LevelWarn
2017 Aug-01 03:22:03315443 [INFO] Constellation initializing using config file tm5.conf
2017 Aug-01 03:22:03319648 [INFO] Log level is LevelWarn
2017 Aug-02 11:31:17198790 [INFO] Constellation initializing using config file tm5.conf
2017 Aug-02 11:31:17214686 [INFO] Log level is LevelWarn
2017 Aug-02 15:00:56550397 [INFO] Constellation initializing using config file tm5.conf
2017 Aug-02 15:00:56554126 [INFO] Log level is LevelWarn
2017 Sep-01 07:13:49689755 [INFO] Constellation initializing using config file tm5.conf
2017 Sep-01 07:13:49704626 [INFO] Log level is LevelWarn
2017 Sep-05 06:48:50836020 [INFO] Constellation initializing using config file tm5.conf
2017 Sep-05 06:48:50841568 [INFO] Log level is LevelWarn
2017 Sep-05 09:31:11319431 [INFO] Constellation initializing using config file tm5.conf
2017 Sep-05 09:31:11333340 [INFO] Log level is LevelWarn
2017 Sep-15 08:52:02530976 [INFO] Constellation initializing using config file tm5.conf
2017 Sep-15 08:52:02586241 [INFO] Log level is LevelWarn
2017 Sep-15 08:52:59370485 [INFO] Constellation initializing using config file tm5.conf
2017 Sep-15 08:52:59374160 [INFO] Log level is LevelWarn
