2017 Jul-27 05:54:00792329 [INFO] Constellation initializing using config file tm6.conf
2017 Jul-27 05:54:00796475 [INFO] Log level is LevelWarn
2017 Jul-27 09:30:58360904 [INFO] Constellation initializing using config file tm6.conf
2017 Jul-27 09:30:58373693 [INFO] Log level is LevelWarn
2017 Aug-01 03:22:03671756 [INFO] Constellation initializing using config file tm6.conf
2017 Aug-01 03:22:03677312 [INFO] Log level is LevelWarn
2017 Aug-02 11:31:18879926 [INFO] Constellation initializing using config file tm6.conf
2017 Aug-02 11:31:18884506 [INFO] Log level is LevelWarn
2017 Aug-02 15:00:57292290 [INFO] Constellation initializing using config file tm6.conf
2017 Aug-02 15:00:57296013 [INFO] Log level is LevelWarn
2017 Sep-01 07:13:49667080 [INFO] Constellation initializing using config file tm6.conf
2017 Sep-01 07:13:49704797 [INFO] Log level is LevelWarn
2017 Sep-05 06:48:52046630 [INFO] Constellation initializing using config file tm6.conf
2017 Sep-05 06:48:52050723 [INFO] Log level is LevelWarn
2017 Sep-05 09:31:11412197 [INFO] Constellation initializing using config file tm6.conf
2017 Sep-05 09:31:11416722 [INFO] Log level is LevelWarn
2017 Sep-15 08:52:02530894 [INFO] Constellation initializing using config file tm6.conf
2017 Sep-15 08:52:02585904 [INFO] Log level is LevelWarn
2017 Sep-15 08:52:59498367 [INFO] Constellation initializing using config file tm6.conf
2017 Sep-15 08:52:59502416 [INFO] Log level is LevelWarn
