2017 Jul-27 05:54:01514758 [INFO] Constellation initializing using config file tm3.conf
2017 Jul-27 05:54:01519543 [INFO] Log level is LevelWarn
2017 Jul-27 09:30:59330556 [INFO] Constellation initializing using config file tm3.conf
2017 Jul-27 09:30:59334703 [INFO] Log level is LevelWarn
2017 Aug-01 03:22:02969354 [INFO] Constellation initializing using config file tm3.conf
2017 Aug-01 03:22:02999091 [INFO] Log level is LevelWarn
2017 Aug-02 11:31:17207713 [INFO] Constellation initializing using config file tm3.conf
2017 Aug-02 11:31:17214686 [INFO] Log level is LevelWarn
2017 Aug-02 15:00:56339738 [INFO] Constellation initializing using config file tm3.conf
2017 Aug-02 15:00:56343835 [INFO] Log level is LevelWarn
2017 Sep-01 07:13:50386654 [INFO] Constellation initializing using config file tm3.conf
2017 Sep-01 07:13:50392366 [INFO] Log level is LevelWarn
2017 Sep-05 06:48:52011160 [INFO] Constellation initializing using config file tm3.conf
2017 Sep-05 06:48:52016207 [INFO] Log level is LevelWarn
2017 Sep-05 09:31:11916797 [INFO] Constellation initializing using config file tm3.conf
2017 Sep-05 09:31:11922546 [INFO] Log level is LevelWarn
2017 Sep-15 08:52:02530889 [INFO] Constellation initializing using config file tm3.conf
2017 Sep-15 08:52:02587307 [INFO] Log level is LevelWarn
2017 Sep-15 08:52:59780840 [INFO] Constellation initializing using config file tm3.conf
2017 Sep-15 08:52:59784744 [INFO] Log level is LevelWarn
