2017 Jul-27 05:54:00066337 [INFO] Constellation initializing using config file tm4.conf
2017 Jul-27 05:54:00092535 [INFO] Log level is LevelWarn
2017 Jul-27 09:30:58360913 [INFO] Constellation initializing using config file tm4.conf
2017 Jul-27 09:30:58373654 [INFO] Log level is LevelWarn
2017 Aug-01 03:22:13822061 [INFO] Constellation initializing using config file tm4.conf
2017 Aug-01 03:22:13827109 [INFO] Log level is LevelWarn
2017 Aug-02 11:31:18977273 [INFO] Constellation initializing using config file tm4.conf
2017 Aug-02 11:31:18982674 [INFO] Log level is LevelWarn
2017 Aug-02 15:00:56318461 [INFO] Constellation initializing using config file tm4.conf
2017 Aug-02 15:00:56332770 [INFO] Log level is LevelWarn
2017 Sep-01 07:13:49679709 [INFO] Constellation initializing using config file tm4.conf
2017 Sep-01 07:13:49704626 [INFO] Log level is LevelWarn
2017 Sep-05 06:48:52840600 [INFO] Constellation initializing using config file tm4.conf
2017 Sep-05 06:48:52845552 [INFO] Log level is LevelWarn
2017 Sep-05 09:31:12086346 [INFO] Constellation initializing using config file tm4.conf
2017 Sep-05 09:31:12091995 [INFO] Log level is LevelWarn
2017 Sep-15 08:52:02712330 [INFO] Constellation initializing using config file tm4.conf
2017 Sep-15 08:52:02717332 [INFO] Log level is LevelWarn
2017 Sep-15 08:52:59573983 [INFO] Constellation initializing using config file tm4.conf
2017 Sep-15 08:52:59578281 [INFO] Log level is LevelWarn
