2017 Jul-27 05:54:00066330 [INFO] Constellation initializing using config file tm1.conf
2017 Jul-27 05:54:00083015 [INFO] Log level is LevelWarn
2017 Jul-27 09:30:59330229 [INFO] Constellation initializing using config file tm1.conf
2017 Jul-27 09:30:59332153 [INFO] Log level is LevelWarn
2017 Aug-01 03:22:03585329 [INFO] Constellation initializing using config file tm1.conf
2017 Aug-01 03:22:03587030 [INFO] Log level is LevelWarn
2017 Aug-02 11:31:18844723 [INFO] Constellation initializing using config file tm1.conf
2017 Aug-02 11:31:18847698 [INFO] Log level is LevelWarn
2017 Aug-02 15:00:56317643 [INFO] Constellation initializing using config file tm1.conf
2017 Aug-02 15:00:56327876 [INFO] Log level is LevelWarn
2017 Sep-01 07:13:49772815 [INFO] Constellation initializing using config file tm1.conf
2017 Sep-01 07:13:49775207 [INFO] Log level is LevelWarn
2017 Sep-05 06:48:51595210 [INFO] Constellation initializing using config file tm1.conf
2017 Sep-05 06:48:51596933 [INFO] Log level is LevelWarn
2017 Sep-05 09:31:11918880 [INFO] Constellation initializing using config file tm1.conf
2017 Sep-05 09:31:11920447 [INFO] Log level is LevelWarn
2017 Sep-15 08:52:02530894 [INFO] Constellation initializing using config file tm1.conf
2017 Sep-15 08:52:02559387 [INFO] Log level is LevelWarn
2017 Sep-15 08:53:00040579 [INFO] Constellation initializing using config file tm1.conf
2017 Sep-15 08:53:00042510 [INFO] Log level is LevelWarn
