2017 Jul-27 05:54:00415817 [INFO] Constellation initializing using config file tm2.conf
2017 Jul-27 05:54:00421751 [INFO] Log level is LevelWarn
2017 Jul-27 09:30:59994584 [INFO] Constellation initializing using config file tm2.conf
2017 Jul-27 09:30:59998901 [INFO] Log level is LevelWarn
2017 Aug-01 03:22:03407414 [INFO] Constellation initializing using config file tm2.conf
2017 Aug-01 03:22:03412453 [INFO] Log level is LevelWarn
2017 Aug-02 11:31:17715234 [INFO] Constellation initializing using config file tm2.conf
2017 Aug-02 11:31:17720510 [INFO] Log level is LevelWarn
2017 Aug-02 15:00:57068116 [INFO] Constellation initializing using config file tm2.conf
2017 Aug-02 15:00:57073058 [INFO] Log level is LevelWarn
2017 Sep-01 07:13:49902990 [INFO] Constellation initializing using config file tm2.conf
2017 Sep-01 07:13:49907028 [INFO] Log level is LevelWarn
2017 Sep-05 06:48:53953250 [INFO] Constellation initializing using config file tm2.conf
2017 Sep-05 06:48:53958289 [INFO] Log level is LevelWarn
2017 Sep-05 09:31:11494796 [INFO] Constellation initializing using config file tm2.conf
2017 Sep-05 09:31:11499448 [INFO] Log level is LevelWarn
2017 Sep-15 08:52:03036248 [INFO] Constellation initializing using config file tm2.conf
2017 Sep-15 08:52:03041398 [INFO] Log level is LevelWarn
2017 Sep-15 08:53:00586680 [INFO] Constellation initializing using config file tm2.conf
2017 Sep-15 08:53:00591490 [INFO] Log level is LevelWarn
